-------------------------------------------------------------------------------
Test set: com.examly.springapp.SpringappApplicationTests
-------------------------------------------------------------------------------
Tests run: 13, Failures: 0, Errors: 4, Skipped: 0, Time elapsed: 5.79 s <<< FAILURE! - in com.examly.springapp.SpringappApplicationTests
getname  Time elapsed: 0.159 s  <<< ERROR!
org.springframework.web.util.NestedServletException: Request processing failed; nested exception is org.springframework.dao.InvalidDataAccessResourceUsageException: could not extract ResultSet; SQL [n/a]; nested exception is org.hibernate.exception.SQLGrammarException: could not extract ResultSet
	at com.examly.springapp.SpringappApplicationTests.getname(SpringappApplicationTests.java:68)
Caused by: org.springframework.dao.InvalidDataAccessResourceUsageException: could not extract ResultSet; SQL [n/a]; nested exception is org.hibernate.exception.SQLGrammarException: could not extract ResultSet
	at com.examly.springapp.SpringappApplicationTests.getname(SpringappApplicationTests.java:68)
Caused by: org.hibernate.exception.SQLGrammarException: could not extract ResultSet
	at com.examly.springapp.SpringappApplicationTests.getname(SpringappApplicationTests.java:68)
Caused by: java.sql.SQLSyntaxErrorException: Table 'test.Food' doesn't exist
	at com.examly.springapp.SpringappApplicationTests.getname(SpringappApplicationTests.java:68)

get  Time elapsed: 0.009 s  <<< ERROR!
org.springframework.web.util.NestedServletException: Request processing failed; nested exception is org.springframework.dao.InvalidDataAccessResourceUsageException: could not extract ResultSet; SQL [n/a]; nested exception is org.hibernate.exception.SQLGrammarException: could not extract ResultSet
	at com.examly.springapp.SpringappApplicationTests.get(SpringappApplicationTests.java:78)
Caused by: org.springframework.dao.InvalidDataAccessResourceUsageException: could not extract ResultSet; SQL [n/a]; nested exception is org.hibernate.exception.SQLGrammarException: could not extract ResultSet
	at com.examly.springapp.SpringappApplicationTests.get(SpringappApplicationTests.java:78)
Caused by: org.hibernate.exception.SQLGrammarException: could not extract ResultSet
	at com.examly.springapp.SpringappApplicationTests.get(SpringappApplicationTests.java:78)
Caused by: java.sql.SQLSyntaxErrorException: Table 'test.Food' doesn't exist
	at com.examly.springapp.SpringappApplicationTests.get(SpringappApplicationTests.java:78)

getid  Time elapsed: 0.009 s  <<< ERROR!
org.springframework.web.util.NestedServletException: Request processing failed; nested exception is org.springframework.dao.InvalidDataAccessResourceUsageException: could not extract ResultSet; SQL [n/a]; nested exception is org.hibernate.exception.SQLGrammarException: could not extract ResultSet
	at com.examly.springapp.SpringappApplicationTests.getid(SpringappApplicationTests.java:48)
Caused by: org.springframework.dao.InvalidDataAccessResourceUsageException: could not extract ResultSet; SQL [n/a]; nested exception is org.hibernate.exception.SQLGrammarException: could not extract ResultSet
	at com.examly.springapp.SpringappApplicationTests.getid(SpringappApplicationTests.java:48)
Caused by: org.hibernate.exception.SQLGrammarException: could not extract ResultSet
	at com.examly.springapp.SpringappApplicationTests.getid(SpringappApplicationTests.java:48)
Caused by: java.sql.SQLSyntaxErrorException: Table 'test.Food' doesn't exist
	at com.examly.springapp.SpringappApplicationTests.getid(SpringappApplicationTests.java:48)

getOrigin  Time elapsed: 0.008 s  <<< ERROR!
org.springframework.web.util.NestedServletException: Request processing failed; nested exception is org.springframework.dao.InvalidDataAccessResourceUsageException: could not extract ResultSet; SQL [n/a]; nested exception is org.hibernate.exception.SQLGrammarException: could not extract ResultSet
	at com.examly.springapp.SpringappApplicationTests.getOrigin(SpringappApplicationTests.java:58)
Caused by: org.springframework.dao.InvalidDataAccessResourceUsageException: could not extract ResultSet; SQL [n/a]; nested exception is org.hibernate.exception.SQLGrammarException: could not extract ResultSet
	at com.examly.springapp.SpringappApplicationTests.getOrigin(SpringappApplicationTests.java:58)
Caused by: org.hibernate.exception.SQLGrammarException: could not extract ResultSet
	at com.examly.springapp.SpringappApplicationTests.getOrigin(SpringappApplicationTests.java:58)
Caused by: java.sql.SQLSyntaxErrorException: Table 'test.Food' doesn't exist
	at com.examly.springapp.SpringappApplicationTests.getOrigin(SpringappApplicationTests.java:58)

