<?xml version="1.0" encoding="UTF-8"?>
<testsuite xmlns:xsi="http://www.w3.org/2001/XMLSchema-instance" xsi:noNamespaceSchemaLocation="https://maven.apache.org/surefire/maven-surefire-plugin/xsd/surefire-test-report.xsd" name="com.examly.springapp.SpringappApplicationTests" time="4.471" tests="13" errors="0" skipped="0" failures="13">
  <properties>
[...]
</properties>
  <testcase name="testrepositoryfolder" classname="com.examly.springapp.SpringappApplicationTests" time="0.222">
    <failure message="expected: &lt;true&gt; but was: &lt;false&gt;" type="org.opentest4j.AssertionFailedError"><![CDATA[org.opentest4j.AssertionFailedError: expected: <true> but was: <false>
	at com.examly.springapp.SpringappApplicationTests.testrepositoryfolder(SpringappApplicationTests.java:142)
]]></failure>
    <system-out><![CDATA[07:34:12.907 [main] DEBUG org.springframework.test.context.BootstrapUtils - Instantiating CacheAwareContextLoaderDelegate from class [org.springframework.test.context.cache.DefaultCacheAwareContextLoaderDelegate]
07:34:12.916 [main] DEBUG org.springframework.test.context.BootstrapUtils - Instantiating BootstrapContext using constructor [public org.springframework.test.context.support.DefaultBootstrapContext(java.lang.Class,org.springframework.test.context.CacheAwareContextLoaderDelegate)]
07:34:12.959 [main] DEBUG org.springframework.test.context.BootstrapUtils - Instantiating TestContextBootstrapper for test class [com.examly.springapp.SpringappApplicationTests] from class [org.springframework.boot.test.context.SpringBootTestContextBootstrapper]
07:34:12.971 [main] INFO org.springframework.boot.test.context.SpringBootTestContextBootstrapper - Neither @ContextConfiguration nor @ContextHierarchy found for test class [com.examly.springapp.SpringappApplicationTests], using SpringBootContextLoader
07:34:12.974 [main] DEBUG org.springframework.test.context.support.AbstractContextLoader - Did not detect default resource location for test class [com.examly.springapp.SpringappApplicationTests]: class path resource [com/examly/springapp/SpringappApplicationTests-context.xml] does not exist
07:34:12.974 [main] DEBUG org.springframework.test.context.support.AbstractContextLoader - Did not detect default resource location for test class [com.examly.springapp.SpringappApplicationTests]: class path resource [com/examly/springapp/SpringappApplicationTestsContext.groovy] does not exist
07:34:12.975 [main] INFO org.springframework.test.context.support.AbstractContextLoader - Could not detect default resource locations for test class [com.examly.springapp.SpringappApplicationTests]: no resource found for suffixes {-context.xml, Context.groovy}.
07:34:13.026 [main] DEBUG org.springframework.test.context.support.ActiveProfilesUtils - Could not find an 'annotation declaring class' for annotation type [org.springframework.test.context.ActiveProfiles] and class [com.examly.springapp.SpringappApplicationTests]
07:34:13.148 [main] DEBUG org.springframework.boot.test.context.SpringBootTestContextBootstrapper - @TestExecutionListeners is not present for class [com.examly.springapp.SpringappApplicationTests]: using defaults.
07:34:13.149 [main] INFO org.springframework.boot.test.context.SpringBootTestContextBootstrapper - Loaded default TestExecutionListener class names from location [META-INF/spring.factories]: [org.springframework.boot.test.mock.mockito.MockitoTestExecutionListener, org.springframework.boot.test.mock.mockito.ResetMocksTestExecutionListener, org.springframework.boot.test.autoconfigure.restdocs.RestDocsTestExecutionListener, org.springframework.boot.test.autoconfigure.web.client.MockRestServiceServerResetTestExecutionListener, org.springframework.boot.test.autoconfigure.web.servlet.MockMvcPrintOnlyOnFailureTestExecutionListener, org.springframework.boot.test.autoconfigure.web.servlet.WebDriverTestExecutionListener, org.springframework.boot.test.autoconfigure.webservices.client.MockWebServiceServerTestExecutionListener, org.springframework.test.context.web.ServletTestExecutionListener, org.springframework.test.context.support.DirtiesContextBeforeModesTestExecutionListener, org.springframework.test.context.event.ApplicationEventsTestExecutionListener, org.springframework.test.context.support.DependencyInjectionTestExecutionListener, org.springframework.test.context.support.DirtiesContextTestExecutionListener, org.springframework.test.context.transaction.TransactionalTestExecutionListener, org.springframework.test.context.jdbc.SqlScriptsTestExecutionListener, org.springframework.test.context.event.EventPublishingTestExecutionListener]
07:34:13.164 [main] INFO org.springframework.boot.test.context.SpringBootTestContextBootstrapper - Using TestExecutionListeners: [org.springframework.test.context.web.ServletTestExecutionListener@3ecd267f, org.springframework.test.context.support.DirtiesContextBeforeModesTestExecutionListener@58ffcbd7, org.springframework.test.context.event.ApplicationEventsTestExecutionListener@555cf22, org.springframework.boot.test.mock.mockito.MockitoTestExecutionListener@6bb2d00b, org.springframework.boot.test.autoconfigure.SpringBootDependencyInjectionTestExecutionListener@3c9bfddc, org.springframework.test.context.support.DirtiesContextTestExecutionListener@1a9c38eb, org.springframework.test.context.transaction.TransactionalTestExecutionListener@319bc845, org.springframework.test.context.jdbc.SqlScriptsTestExecutionListener@4c5474f5, org.springframework.test.context.event.EventPublishingTestExecutionListener@2f4205be, org.springframework.boot.test.mock.mockito.ResetMocksTestExecutionListener@54e22bdd, org.springframework.boot.test.autoconfigure.restdocs.RestDocsTestExecutionListener@3bd418e4, org.springframework.boot.test.autoconfigure.web.client.MockRestServiceServerResetTestExecutionListener@544820b7, org.springframework.boot.test.autoconfigure.web.servlet.MockMvcPrintOnlyOnFailureTestExecutionListener@6b98a075, org.springframework.boot.test.autoconfigure.web.servlet.WebDriverTestExecutionListener@2e61d218, org.springframework.boot.test.autoconfigure.webservices.client.MockWebServiceServerTestExecutionListener@3569fc08]
07:34:13.176 [main] DEBUG org.springframework.test.context.support.AbstractDirtiesContextTestExecutionListener - Before test class: context [DefaultTestContext@5f7b97da testClass = SpringappApplicationTests, testInstance = [null], testMethod = [null], testException = [null], mergedContextConfiguration = [WebMergedContextConfiguration@18b0930f testClass = SpringappApplicationTests, locations = '{}', classes = '{class com.examly.springapp.SpringappApplication}', contextInitializerClasses = '[]', activeProfiles = '{}', propertySourceLocations = '{}', propertySourceProperties = '{org.springframework.boot.test.context.SpringBootTestContextBootstrapper=true}', contextCustomizers = set[[ImportsContextCustomizer@6b7906b3 key = [org.springframework.boot.test.autoconfigure.web.servlet.MockMvcAutoConfiguration, org.springframework.boot.test.autoconfigure.web.servlet.MockMvcWebClientAutoConfiguration, org.springframework.boot.test.autoconfigure.web.servlet.MockMvcWebDriverAutoConfiguration, org.springframework.boot.autoconfigure.security.oauth2.client.servlet.OAuth2ClientAutoConfiguration, org.springframework.boot.autoconfigure.security.oauth2.resource.servlet.OAuth2ResourceServerAutoConfiguration, org.springframework.boot.autoconfigure.security.servlet.SecurityAutoConfiguration, org.springframework.boot.autoconfigure.security.servlet.SecurityFilterAutoConfiguration, org.springframework.boot.autoconfigure.security.servlet.UserDetailsServiceAutoConfiguration, org.springframework.boot.test.autoconfigure.web.servlet.MockMvcSecurityConfiguration, org.springframework.boot.test.autoconfigure.web.reactive.WebTestClientAutoConfiguration]], org.springframework.boot.test.context.filter.ExcludeFilterContextCustomizer@46271dd6, org.springframework.boot.test.json.DuplicateJsonObjectContextCustomizerFactory$DuplicateJsonObjectContextCustomizer@61eaec38, org.springframework.boot.test.mock.mockito.MockitoContextCustomizer@0, org.springframework.boot.test.web.client.TestRestTemplateContextCustomizer@30c8681, org.springframework.boot.test.autoconfigure.actuate.metrics.MetricsExportContextCustomizerFactory$DisableMetricExportContextCustomizer@4e31276e, org.springframework.boot.test.autoconfigure.properties.PropertyMappingContextCustomizer@4b3fa0b3, org.springframework.boot.test.autoconfigure.web.servlet.WebDriverContextCustomizerFactory$Customizer@3c01cfa1, org.springframework.boot.test.context.SpringBootTestArgs@1, org.springframework.boot.test.context.SpringBootTestWebEnvironment@7880cdf3], resourceBasePath = 'src/main/webapp', contextLoader = 'org.springframework.boot.test.context.SpringBootContextLoader', parent = [null]], attributes = map['org.springframework.test.context.web.ServletTestExecutionListener.activateListener' -> true]], class annotated with @DirtiesContext [false] with mode [null].

  .   ____          _            __ _ _
 /\\ / ___'_ __ _ _(_)_ __  __ _ \ \ \ \
( ( )\___ | '_ | '_| | '_ \/ _` | \ \ \ \
 \\/  ___)| |_)| | | | | || (_| |  ) ) ) )
  '  |____| .__|_| |_|_| |_\__, | / / / /
 =========|_|==============|___/=/_/_/_/
 :: Spring Boot ::                (v2.7.8)

2023-08-28 07:34:13.611  INFO 193 --- [           main] c.e.springapp.SpringappApplicationTests  : Starting SpringappApplicationTests using Java 11.0.19 on ebdafeeeadaa304475648dbfbefabcbone-0 with PID 193 (started by coder in /home/coder/project/workspace/springapp)
2023-08-28 07:34:13.613  INFO 193 --- [           main] c.e.springapp.SpringappApplicationTests  : No active profile set, falling back to 1 default profile: "default"
2023-08-28 07:34:14.430  INFO 193 --- [           main] .s.d.r.c.RepositoryConfigurationDelegate : Bootstrapping Spring Data JPA repositories in DEFAULT mode.
2023-08-28 07:34:14.445  INFO 193 --- [           main] .s.d.r.c.RepositoryConfigurationDelegate : Finished Spring Data repository scanning in 5 ms. Found 0 JPA repository interfaces.
2023-08-28 07:34:15.091  INFO 193 --- [           main] o.hibernate.jpa.internal.util.LogHelper  : HHH000204: Processing PersistenceUnitInfo [name: default]
2023-08-28 07:34:15.154  INFO 193 --- [           main] org.hibernate.Version                    : HHH000412: Hibernate ORM core version 5.6.14.Final
2023-08-28 07:34:15.353  INFO 193 --- [           main] o.hibernate.annotations.common.Version   : HCANN000001: Hibernate Commons Annotations {5.1.2.Final}
2023-08-28 07:34:15.478  INFO 193 --- [           main] com.zaxxer.hikari.HikariDataSource       : HikariPool-1 - Starting...
2023-08-28 07:34:15.690  INFO 193 --- [           main] com.zaxxer.hikari.HikariDataSource       : HikariPool-1 - Start completed.
2023-08-28 07:34:15.707  INFO 193 --- [           main] org.hibernate.dialect.Dialect            : HHH000400: Using dialect: org.hibernate.dialect.MySQL8Dialect
2023-08-28 07:34:15.983  INFO 193 --- [           main] o.h.e.t.j.p.i.JtaPlatformInitiator       : HHH000490: Using JtaPlatform implementation: [org.hibernate.engine.transaction.jta.platform.internal.NoJtaPlatform]
2023-08-28 07:34:15.993  INFO 193 --- [           main] j.LocalContainerEntityManagerFactoryBean : Initialized JPA EntityManagerFactory for persistence unit 'default'
2023-08-28 07:34:16.227  WARN 193 --- [           main] JpaBaseConfiguration$JpaWebConfiguration : spring.jpa.open-in-view is enabled by default. Therefore, database queries may be performed during view rendering. Explicitly configure spring.jpa.open-in-view to disable this warning
2023-08-28 07:34:16.838  INFO 193 --- [           main] o.s.b.t.m.w.SpringBootMockServletContext : Initializing Spring TestDispatcherServlet ''
2023-08-28 07:34:16.838  INFO 193 --- [           main] o.s.t.web.servlet.TestDispatcherServlet  : Initializing Servlet ''
2023-08-28 07:34:16.840  INFO 193 --- [           main] o.s.t.web.servlet.TestDispatcherServlet  : Completed initialization in 1 ms
2023-08-28 07:34:16.859  INFO 193 --- [           main] c.e.springapp.SpringappApplicationTests  : Started SpringappApplicationTests in 3.646 seconds (JVM running for 4.8)
]]></system-out>
  </testcase>
  <testcase name="testModelFile" classname="com.examly.springapp.SpringappApplicationTests" time="0.002">
    <failure message="expected: &lt;true&gt; but was: &lt;false&gt;" type="org.opentest4j.AssertionFailedError"><![CDATA[org.opentest4j.AssertionFailedError: expected: <true> but was: <false>
	at com.examly.springapp.SpringappApplicationTests.testModelFile(SpringappApplicationTests.java:130)
]]></failure>
  </testcase>
  <testcase name="testModelFolder" classname="com.examly.springapp.SpringappApplicationTests" time="0.002">
    <failure message="expected: &lt;true&gt; but was: &lt;false&gt;" type="org.opentest4j.AssertionFailedError"><![CDATA[org.opentest4j.AssertionFailedError: expected: <true> but was: <false>
	at com.examly.springapp.SpringappApplicationTests.testModelFolder(SpringappApplicationTests.java:118)
]]></failure>
  </testcase>
  <testcase name="testServiceFolder" classname="com.examly.springapp.SpringappApplicationTests" time="0.002">
    <failure message="expected: &lt;true&gt; but was: &lt;false&gt;" type="org.opentest4j.AssertionFailedError"><![CDATA[org.opentest4j.AssertionFailedError: expected: <true> but was: <false>
	at com.examly.springapp.SpringappApplicationTests.testServiceFolder(SpringappApplicationTests.java:171)
]]></failure>
  </testcase>
  <testcase name="testrepositoryFile" classname="com.examly.springapp.SpringappApplicationTests" time="0.002">
    <failure message="expected: &lt;true&gt; but was: &lt;false&gt;" type="org.opentest4j.AssertionFailedError"><![CDATA[org.opentest4j.AssertionFailedError: expected: <true> but was: <false>
	at com.examly.springapp.SpringappApplicationTests.testrepositoryFile(SpringappApplicationTests.java:158)
]]></failure>
  </testcase>
  <testcase name="getname" classname="com.examly.springapp.SpringappApplicationTests" time="0.154">
    <failure message="Status expected:&lt;200&gt; but was:&lt;404&gt;" type="java.lang.AssertionError"><![CDATA[java.lang.AssertionError: Status expected:<200> but was:<404>
	at com.examly.springapp.SpringappApplicationTests.getname(SpringappApplicationTests.java:70)
]]></failure>
    <system-out><![CDATA[
MockHttpServletRequest:
      HTTP Method = GET
      Request URI = /name/Donutfruit
       Parameters = {}
          Headers = [Accept:"application/json"]
             Body = null
    Session Attrs = {}

Handler:
             Type = org.springframework.web.servlet.resource.ResourceHttpRequestHandler

Async:
    Async started = false
     Async result = null

Resolved Exception:
             Type = null

ModelAndView:
        View name = null
             View = null
            Model = null

FlashMap:
       Attributes = null

MockHttpServletResponse:
           Status = 404
    Error message = null
          Headers = [Vary:"Origin", "Access-Control-Request-Method", "Access-Control-Request-Headers"]
     Content type = null
             Body = 
    Forwarded URL = null
   Redirected URL = null
          Cookies = []
]]></system-out>
  </testcase>
  <testcase name="add" classname="com.examly.springapp.SpringappApplicationTests" time="0.004">
    <failure message="Status expected:&lt;200&gt; but was:&lt;404&gt;" type="java.lang.AssertionError"><![CDATA[java.lang.AssertionError: Status expected:<200> but was:<404>
	at com.examly.springapp.SpringappApplicationTests.add(SpringappApplicationTests.java:38)
]]></failure>
    <system-out><![CDATA[
MockHttpServletRequest:
      HTTP Method = POST
      Request URI = /
       Parameters = {}
          Headers = [Content-Type:"application/json;charset=UTF-8", Accept:"application/json", Content-Length:"107"]
             Body = {"foodId": 1008,"foodName": "Donutfruit", "foodCusine": "Demo", "cookingTime": "Min", "foodOrigin": "poor"}
    Session Attrs = {}

Handler:
             Type = org.springframework.web.servlet.resource.ResourceHttpRequestHandler

Async:
    Async started = false
     Async result = null

Resolved Exception:
             Type = null

ModelAndView:
        View name = null
             View = null
            Model = null

FlashMap:
       Attributes = null

MockHttpServletResponse:
           Status = 404
    Error message = null
          Headers = [Vary:"Origin", "Access-Control-Request-Method", "Access-Control-Request-Headers"]
     Content type = null
             Body = 
    Forwarded URL = null
   Redirected URL = null
          Cookies = []
]]></system-out>
  </testcase>
  <testcase name="get" classname="com.examly.springapp.SpringappApplicationTests" time="0.005">
    <failure message="Status expected:&lt;200&gt; but was:&lt;404&gt;" type="java.lang.AssertionError"><![CDATA[java.lang.AssertionError: Status expected:<200> but was:<404>
	at com.examly.springapp.SpringappApplicationTests.get(SpringappApplicationTests.java:80)
]]></failure>
    <system-out><![CDATA[
MockHttpServletRequest:
      HTTP Method = GET
      Request URI = /Donutfruit/Demo
       Parameters = {}
          Headers = [Accept:"application/json"]
             Body = null
    Session Attrs = {}

Handler:
             Type = org.springframework.web.servlet.resource.ResourceHttpRequestHandler

Async:
    Async started = false
     Async result = null

Resolved Exception:
             Type = null

ModelAndView:
        View name = null
             View = null
            Model = null

FlashMap:
       Attributes = null

MockHttpServletResponse:
           Status = 404
    Error message = null
          Headers = [Vary:"Origin", "Access-Control-Request-Method", "Access-Control-Request-Headers"]
     Content type = null
             Body = 
    Forwarded URL = null
   Redirected URL = null
          Cookies = []
]]></system-out>
  </testcase>
  <testcase name="getid" classname="com.examly.springapp.SpringappApplicationTests" time="0.004">
    <failure message="Status expected:&lt;200&gt; but was:&lt;404&gt;" type="java.lang.AssertionError"><![CDATA[java.lang.AssertionError: Status expected:<200> but was:<404>
	at com.examly.springapp.SpringappApplicationTests.getid(SpringappApplicationTests.java:50)
]]></failure>
    <system-out><![CDATA[
MockHttpServletRequest:
      HTTP Method = GET
      Request URI = /food/1008
       Parameters = {}
          Headers = [Accept:"application/json"]
             Body = null
    Session Attrs = {}

Handler:
             Type = org.springframework.web.servlet.resource.ResourceHttpRequestHandler

Async:
    Async started = false
     Async result = null

Resolved Exception:
             Type = null

ModelAndView:
        View name = null
             View = null
            Model = null

FlashMap:
       Attributes = null

MockHttpServletResponse:
           Status = 404
    Error message = null
          Headers = [Vary:"Origin", "Access-Control-Request-Method", "Access-Control-Request-Headers"]
     Content type = null
             Body = 
    Forwarded URL = null
   Redirected URL = null
          Cookies = []
]]></system-out>
  </testcase>
  <testcase name="getOrigin" classname="com.examly.springapp.SpringappApplicationTests" time="0.005">
    <failure message="Status expected:&lt;200&gt; but was:&lt;404&gt;" type="java.lang.AssertionError"><![CDATA[java.lang.AssertionError: Status expected:<200> but was:<404>
	at com.examly.springapp.SpringappApplicationTests.getOrigin(SpringappApplicationTests.java:60)
]]></failure>
    <system-out><![CDATA[
MockHttpServletRequest:
      HTTP Method = GET
      Request URI = /origin/poor
       Parameters = {}
          Headers = [Accept:"application/json"]
             Body = null
    Session Attrs = {}

Handler:
             Type = org.springframework.web.servlet.resource.ResourceHttpRequestHandler

Async:
    Async started = false
     Async result = null

Resolved Exception:
             Type = null

ModelAndView:
        View name = null
             View = null
            Model = null

FlashMap:
       Attributes = null

MockHttpServletResponse:
           Status = 404
    Error message = null
          Headers = [Vary:"Origin", "Access-Control-Request-Method", "Access-Control-Request-Headers"]
     Content type = null
             Body = 
    Forwarded URL = null
   Redirected URL = null
          Cookies = []
]]></system-out>
  </testcase>
  <testcase name="controllerfolder" classname="com.examly.springapp.SpringappApplicationTests" time="0.002">
    <failure message="expected: &lt;true&gt; but was: &lt;false&gt;" type="org.opentest4j.AssertionFailedError"><![CDATA[org.opentest4j.AssertionFailedError: expected: <true> but was: <false>
	at com.examly.springapp.SpringappApplicationTests.controllerfolder(SpringappApplicationTests.java:93)
]]></failure>
  </testcase>
  <testcase name="testServieFile" classname="com.examly.springapp.SpringappApplicationTests" time="0.002">
    <failure message="expected: &lt;true&gt; but was: &lt;false&gt;" type="org.opentest4j.AssertionFailedError"><![CDATA[org.opentest4j.AssertionFailedError: expected: <true> but was: <false>
	at com.examly.springapp.SpringappApplicationTests.testServieFile(SpringappApplicationTests.java:185)
]]></failure>
  </testcase>
  <testcase name="controllerfile" classname="com.examly.springapp.SpringappApplicationTests" time="0.002">
    <failure message="expected: &lt;true&gt; but was: &lt;false&gt;" type="org.opentest4j.AssertionFailedError"><![CDATA[org.opentest4j.AssertionFailedError: expected: <true> but was: <false>
	at com.examly.springapp.SpringappApplicationTests.controllerfile(SpringappApplicationTests.java:105)
]]></failure>
  </testcase>
</testsuite>